<?xml version="1.0" encoding="UTF-8"?>
<!-- Generated by org.testng.reporters.JUnitReportReporter -->
<testsuite hostname="DESKTOP-MHT49UU" failures="0" tests="2" name="qaclickacademy.mavenjava.RESTAPITest" time="0.007" errors="0" timestamp="2021-12-08T22:08:45 EST" skipped="0">
  <testcase classname="qaclickacademy.mavenjava.RESTAPITest" name="deleteTwitter" time="0.006"/>
  <system-out/>
  <testcase classname="qaclickacademy.mavenjava.RESTAPITest" name="postJira" time="0.001"/>
  <system-out/>
</testsuite> <!-- qaclickacademy.mavenjava.RESTAPITest -->
