<?xml version="1.0" encoding="UTF-8"?>
<!-- Generated by org.testng.reporters.JUnitReportReporter -->
<testsuite hostname="DESKTOP-MHT49UU" failures="0" tests="2" name="qaclickacademy.mavenjava.SeleniumTest" time="0.003" errors="0" timestamp="2021-12-18T20:43:53 EST" skipped="0">
  <testcase classname="qaclickacademy.mavenjava.SeleniumTest" name="BrowserAutomation" time="0.003"/>
  <system-out/>
  <testcase classname="qaclickacademy.mavenjava.SeleniumTest" name="uielements" time="0.000"/>
  <system-out/>
</testsuite> <!-- qaclickacademy.mavenjava.SeleniumTest -->
