<?xml version="1.0" encoding="UTF-8"?>
<!-- Generated by org.testng.reporters.JUnitReportReporter -->
<testsuite hostname="DESKTOP-MHT49UU" failures="0" tests="2" name="qaclickacademy.mavenjava.RESTAPITest" time="0.000" errors="0" timestamp="2021-12-18T20:40:55 EST" skipped="0">
  <testcase classname="qaclickacademy.mavenjava.RESTAPITest" name="deleteTwitter" time="0.000"/>
  <system-out/>
  <testcase classname="qaclickacademy.mavenjava.RESTAPITest" name="postJira" time="0.000"/>
  <system-out/>
</testsuite> <!-- qaclickacademy.mavenjava.RESTAPITest -->
