<?xml version="1.0" encoding="UTF-8"?>
<!-- Generated by org.testng.reporters.JUnitReportReporter -->
<testsuite hostname="DESKTOP-MHT49UU" failures="0" tests="2" name="qaclickacademy.mavenjava.AppiumTest" time="0.000" errors="0" timestamp="2021-12-18T20:43:53 EST" skipped="0">
  <testcase classname="qaclickacademy.mavenjava.AppiumTest" name="IosApps" time="0.000"/>
  <system-out/>
  <testcase classname="qaclickacademy.mavenjava.AppiumTest" name="nativeAppAndroid" time="0.000"/>
  <system-out/>
</testsuite> <!-- qaclickacademy.mavenjava.AppiumTest -->
